  main.cpp
C:\Users\User\source\repos\Rasnoe\DataCont\main.cpp(360,1): error C2059: syntax error: '<<'
C:\Users\User\source\repos\Rasnoe\DataCont\main.cpp(364,1): error C2143: syntax error: missing ';' before '{'
C:\Users\User\source\repos\Rasnoe\DataCont\main.cpp(364,1): error C2447: '{': missing function header (old-style formal list?)
C:\Users\User\source\repos\Rasnoe\DataCont\main.cpp(367,59): error C2995: 'List<T>::Iterator List<T>::end(void)': function template has already been defined
C:\Users\User\source\repos\Rasnoe\DataCont\main.cpp(166,11): message : see declaration of 'List<T>::end'
C:\Users\User\source\repos\Rasnoe\DataCont\main.cpp(371,64): error C2995: 'List<T>::ConstIterator List<T>::begin(void) const': function template has already been defined
C:\Users\User\source\repos\Rasnoe\DataCont\main.cpp(170,16): message : see declaration of 'List<T>::begin'
C:\Users\User\source\repos\Rasnoe\DataCont\main.cpp(375,64): error C2995: 'List<T>::ConstIterator List<T>::end(void) const': function template has already been defined
C:\Users\User\source\repos\Rasnoe\DataCont\main.cpp(174,16): message : see declaration of 'List<T>::end'
C:\Users\User\source\repos\Rasnoe\DataCont\main.cpp(379,66): error C2995: 'List<T>::ReverseIterator List<T>::rbegin(void)': function template has already been defined
C:\Users\User\source\repos\Rasnoe\DataCont\main.cpp(178,18): message : see declaration of 'List<T>::rbegin'
C:\Users\User\source\repos\Rasnoe\DataCont\main.cpp(383,66): error C2995: 'List<T>::ReverseIterator List<T>::rend(void)': function template has already been defined
C:\Users\User\source\repos\Rasnoe\DataCont\main.cpp(182,18): message : see declaration of 'List<T>::rend'
C:\Users\User\source\repos\Rasnoe\DataCont\main.cpp(387,71): error C2995: 'List<T>::ConstReverseIterator List<T>::rbegin(void) const': function template has already been defined
C:\Users\User\source\repos\Rasnoe\DataCont\main.cpp(186,23): message : see declaration of 'List<T>::rbegin'
C:\Users\User\source\repos\Rasnoe\DataCont\main.cpp(391,71): error C2995: 'List<T>::ConstReverseIterator List<T>::rend(void) const': function template has already been defined
C:\Users\User\source\repos\Rasnoe\DataCont\main.cpp(190,23): message : see declaration of 'List<T>::rend'
C:\Users\User\source\repos\Rasnoe\DataCont\main.cpp(397,31): error C2995: 'List<T>::List(void)': function template has already been defined
C:\Users\User\source\repos\Rasnoe\DataCont\main.cpp(196,2): message : see declaration of 'List<T>::List'
C:\Users\User\source\repos\Rasnoe\DataCont\main.cpp(403,31): error C2995: 'List<T>::List(int)': function template has already been defined
C:\Users\User\source\repos\Rasnoe\DataCont\main.cpp(202,2): message : see declaration of 'List<T>::List'
C:\Users\User\source\repos\Rasnoe\DataCont\main.cpp(407,31): error C2995: 'List<T>::List(const std::initializer_list<_Elem> &)': function template has already been defined
C:\Users\User\source\repos\Rasnoe\DataCont\main.cpp(206,2): message : see declaration of 'List<T>::List'
C:\Users\User\source\repos\Rasnoe\DataCont\main.cpp(414,31): error C2995: 'List<T>::List(const List<T> &)': function template has already been defined
C:\Users\User\source\repos\Rasnoe\DataCont\main.cpp(213,2): message : see declaration of 'List<T>::List'
C:\Users\User\source\repos\Rasnoe\DataCont\main.cpp(419,32): error C2995: 'List<T>::~List(void)': function template has already been defined
C:\Users\User\source\repos\Rasnoe\DataCont\main.cpp(218,3): message : see declaration of 'List<T>::~List'
C:\Users\User\source\repos\Rasnoe\DataCont\main.cpp(427,40): error C2995: 'List<T> &List<T>::operator =(const List<T> &)': function template has already been defined
C:\Users\User\source\repos\Rasnoe\DataCont\main.cpp(225,11): message : see declaration of 'List<T>::operator ='
C:\Users\User\source\repos\Rasnoe\DataCont\main.cpp(437,37): error C2995: 'void List<T>::push_front(T)': function template has already been defined
C:\Users\User\source\repos\Rasnoe\DataCont\main.cpp(235,7): message : see declaration of 'List<T>::push_front'
C:\Users\User\source\repos\Rasnoe\DataCont\main.cpp(452,37): error C2995: 'void List<T>::push_back(T)': function template has already been defined
C:\Users\User\source\repos\Rasnoe\DataCont\main.cpp(250,7): message : see declaration of 'List<T>::push_back'
C:\Users\User\source\repos\Rasnoe\DataCont\main.cpp(468,37): error C2995: 'void List<T>::insert(T,int)': function template has already been defined
C:\Users\User\source\repos\Rasnoe\DataCont\main.cpp(266,7): message : see declaration of 'List<T>::insert'
C:\Users\User\source\repos\Rasnoe\DataCont\main.cpp(492,37): error C2995: 'void List<T>::erase(int)': function template has already been defined
C:\Users\User\source\repos\Rasnoe\DataCont\main.cpp(290,7): message : see declaration of 'List<T>::erase'
C:\Users\User\source\repos\Rasnoe\DataCont\main.cpp(517,38): error C2995: 'void List<T>::pop_front(void)': function template has already been defined
C:\Users\User\source\repos\Rasnoe\DataCont\main.cpp(315,7): message : see declaration of 'List<T>::pop_front'
C:\Users\User\source\repos\Rasnoe\DataCont\main.cpp(532,36): error C2995: 'void List<T>::pop_back(void)': function template has already been defined
C:\Users\User\source\repos\Rasnoe\DataCont\main.cpp(330,7): message : see declaration of 'List<T>::pop_back'
C:\Users\User\source\repos\Rasnoe\DataCont\main.cpp(548,37): error C2995: 'void List<T>::print(void)': function template has already been defined
C:\Users\User\source\repos\Rasnoe\DataCont\main.cpp(346,7): message : see declaration of 'List<T>::print'
C:\Users\User\source\repos\Rasnoe\DataCont\main.cpp(554,36): error C2995: 'void List<T>::revers_print(void) const': function template has already been defined
C:\Users\User\source\repos\Rasnoe\DataCont\main.cpp(352,7): message : see declaration of 'List<T>::revers_print'
C:\Users\User\source\repos\Rasnoe\DataCont\main.cpp(561,1): error C2059: syntax error: '>>'
C:\Users\User\source\repos\Rasnoe\DataCont\main.cpp(563,1): error C2143: syntax error: missing ';' before '{'
C:\Users\User\source\repos\Rasnoe\DataCont\main.cpp(563,1): error C2447: '{': missing function header (old-style formal list?)
C:\Users\User\source\repos\Rasnoe\DataCont\main.cpp(581,1): warning C4326: return type of 'main' should be 'int' instead of 'void'
C:\Users\User\source\repos\Rasnoe\DataCont\main.cpp(167,1): error C2333: 'List<int>::end': error in function declaration; skipping function body
C:\Users\User\source\repos\Rasnoe\DataCont\main.cpp(671,20): message : see reference to class template instantiation 'List<int>' being compiled
C:\Users\User\source\repos\Rasnoe\DataCont\main.cpp(172,3): error C2059: syntax error: 'return'
C:\Users\User\source\repos\Rasnoe\DataCont\main.cpp(172,1): error C2238: unexpected token(s) preceding ';'
C:\Users\User\source\repos\Rasnoe\DataCont\main.cpp(174,2): error C2146: syntax error: missing ';' before identifier 'ConstIterator'
C:\Users\User\source\repos\Rasnoe\DataCont\main.cpp(671,20): error C2440: 'initializing': cannot convert from 'initializer list' to 'List<int>'
C:\Users\User\source\repos\Rasnoe\DataCont\main.cpp(671,20): message : No constructor could take the source type, or constructor overload resolution was ambiguous
C:\Users\User\source\repos\Rasnoe\DataCont\main.cpp(672,20): error C2440: 'initializing': cannot convert from 'initializer list' to 'List<int>'
C:\Users\User\source\repos\Rasnoe\DataCont\main.cpp(672,20): message : No constructor could take the source type, or constructor overload resolution was ambiguous
C:\Users\User\source\repos\Rasnoe\DataCont\main.cpp(673,26): error C2676: binary '+': 'List<int>' does not define this operator or a conversion to a type acceptable to the predefined operator
C:\Program Files\Microsoft Visual Studio\2022\Community\VC\Tools\MSVC\14.35.32215\include\xstring(5183,62): message : could be 'std::basic_string<_Elem,_Traits,_Alloc> std::operator +(std::basic_string<_Elem,_Traits,_Alloc> &&,const _Elem)'
C:\Users\User\source\repos\Rasnoe\DataCont\main.cpp(673,20): message : 'std::basic_string<_Elem,_Traits,_Alloc> std::operator +(std::basic_string<_Elem,_Traits,_Alloc> &&,const _Elem)': could not deduce template argument for 'std::basic_string<_Elem,_Traits,_Alloc> &&' from 'List<int>'
C:\Program Files\Microsoft Visual Studio\2022\Community\VC\Tools\MSVC\14.35.32215\include\xstring(5177,62): message : or       'std::basic_string<_Elem,_Traits,_Alloc> std::operator +(std::basic_string<_Elem,_Traits,_Alloc> &&,const _Elem *const )'
C:\Users\User\source\repos\Rasnoe\DataCont\main.cpp(673,20): message : 'std::basic_string<_Elem,_Traits,_Alloc> std::operator +(std::basic_string<_Elem,_Traits,_Alloc> &&,const _Elem *const )': could not deduce template argument for 'std::basic_string<_Elem,_Traits,_Alloc> &&' from 'List<int>'
C:\Program Files\Microsoft Visual Studio\2022\Community\VC\Tools\MSVC\14.35.32215\include\xstring(5171,62): message : or       'std::basic_string<_Elem,_Traits,_Alloc> std::operator +(const _Elem,std::basic_string<_Elem,_Traits,_Alloc> &&)'
C:\Users\User\source\repos\Rasnoe\DataCont\main.cpp(673,20): message : 'std::basic_string<_Elem,_Traits,_Alloc> std::operator +(const _Elem,std::basic_string<_Elem,_Traits,_Alloc> &&)': could not deduce template argument for 'std::basic_string<_Elem,_Traits,_Alloc> &&' from 'List<int>'
C:\Program Files\Microsoft Visual Studio\2022\Community\VC\Tools\MSVC\14.35.32215\include\xstring(5165,62): message : or       'std::basic_string<_Elem,_Traits,_Alloc> std::operator +(const _Elem *const ,std::basic_string<_Elem,_Traits,_Alloc> &&)'
C:\Users\User\source\repos\Rasnoe\DataCont\main.cpp(673,20): message : 'std::basic_string<_Elem,_Traits,_Alloc> std::operator +(const _Elem *const ,std::basic_string<_Elem,_Traits,_Alloc> &&)': could not deduce template argument for 'const _Elem *const ' from 'List<int>'
C:\Program Files\Microsoft Visual Studio\2022\Community\VC\Tools\MSVC\14.35.32215\include\xstring(5152,62): message : or       'std::basic_string<_Elem,_Traits,_Alloc> std::operator +(std::basic_string<_Elem,_Traits,_Alloc> &&,std::basic_string<_Elem,_Traits,_Alloc> &&)'
C:\Users\User\source\repos\Rasnoe\DataCont\main.cpp(673,20): message : 'std::basic_string<_Elem,_Traits,_Alloc> std::operator +(std::basic_string<_Elem,_Traits,_Alloc> &&,std::basic_string<_Elem,_Traits,_Alloc> &&)': could not deduce template argument for 'std::basic_string<_Elem,_Traits,_Alloc> &&' from 'List<int>'
C:\Program Files\Microsoft Visual Studio\2022\Community\VC\Tools\MSVC\14.35.32215\include\xstring(5146,62): message : or       'std::basic_string<_Elem,_Traits,_Alloc> std::operator +(std::basic_string<_Elem,_Traits,_Alloc> &&,const std::basic_string<_Elem,_Traits,_Alloc> &)'
C:\Users\User\source\repos\Rasnoe\DataCont\main.cpp(673,20): message : 'std::basic_string<_Elem,_Traits,_Alloc> std::operator +(std::basic_string<_Elem,_Traits,_Alloc> &&,const std::basic_string<_Elem,_Traits,_Alloc> &)': could not deduce template argument for 'std::basic_string<_Elem,_Traits,_Alloc> &&' from 'List<int>'
C:\Program Files\Microsoft Visual Studio\2022\Community\VC\Tools\MSVC\14.35.32215\include\xstring(5140,62): message : or       'std::basic_string<_Elem,_Traits,_Alloc> std::operator +(const std::basic_string<_Elem,_Traits,_Alloc> &,std::basic_string<_Elem,_Traits,_Alloc> &&)'
C:\Users\User\source\repos\Rasnoe\DataCont\main.cpp(673,20): message : 'std::basic_string<_Elem,_Traits,_Alloc> std::operator +(const std::basic_string<_Elem,_Traits,_Alloc> &,std::basic_string<_Elem,_Traits,_Alloc> &&)': could not deduce template argument for 'const std::basic_string<_Elem,_Traits,_Alloc> &' from 'List<int>'
C:\Program Files\Microsoft Visual Studio\2022\Community\VC\Tools\MSVC\14.35.32215\include\xstring(5129,62): message : or       'std::basic_string<_Elem,_Traits,_Alloc> std::operator +(const std::basic_string<_Elem,_Traits,_Alloc> &,const _Elem)'
C:\Users\User\source\repos\Rasnoe\DataCont\main.cpp(673,20): message : 'std::basic_string<_Elem,_Traits,_Alloc> std::operator +(const std::basic_string<_Elem,_Traits,_Alloc> &,const _Elem)': could not deduce template argument for 'const std::basic_string<_Elem,_Traits,_Alloc> &' from 'List<int>'
C:\Program Files\Microsoft Visual Studio\2022\Community\VC\Tools\MSVC\14.35.32215\include\xstring(5116,62): message : or       'std::basic_string<_Elem,_Traits,_Alloc> std::operator +(const std::basic_string<_Elem,_Traits,_Alloc> &,const _Elem *const )'
C:\Users\User\source\repos\Rasnoe\DataCont\main.cpp(673,20): message : 'std::basic_string<_Elem,_Traits,_Alloc> std::operator +(const std::basic_string<_Elem,_Traits,_Alloc> &,const _Elem *const )': could not deduce template argument for 'const std::basic_string<_Elem,_Traits,_Alloc> &' from 'List<int>'
C:\Program Files\Microsoft Visual Studio\2022\Community\VC\Tools\MSVC\14.35.32215\include\xstring(5105,62): message : or       'std::basic_string<_Elem,_Traits,_Alloc> std::operator +(const _Elem,const std::basic_string<_Elem,_Traits,_Alloc> &)'
C:\Users\User\source\repos\Rasnoe\DataCont\main.cpp(673,20): message : 'std::basic_string<_Elem,_Traits,_Alloc> std::operator +(const _Elem,const std::basic_string<_Elem,_Traits,_Alloc> &)': could not deduce template argument for 'const std::basic_string<_Elem,_Traits,_Alloc> &' from 'List<int>'
C:\Program Files\Microsoft Visual Studio\2022\Community\VC\Tools\MSVC\14.35.32215\include\xstring(5092,62): message : or       'std::basic_string<_Elem,_Traits,_Alloc> std::operator +(const _Elem *const ,const std::basic_string<_Elem,_Traits,_Alloc> &)'
C:\Users\User\source\repos\Rasnoe\DataCont\main.cpp(673,20): message : 'std::basic_string<_Elem,_Traits,_Alloc> std::operator +(const _Elem *const ,const std::basic_string<_Elem,_Traits,_Alloc> &)': could not deduce template argument for 'const _Elem *const ' from 'List<int>'
C:\Program Files\Microsoft Visual Studio\2022\Community\VC\Tools\MSVC\14.35.32215\include\xstring(5080,62): message : or       'std::basic_string<_Elem,_Traits,_Alloc> std::operator +(const std::basic_string<_Elem,_Traits,_Alloc> &,const std::basic_string<_Elem,_Traits,_Alloc> &)'
C:\Users\User\source\repos\Rasnoe\DataCont\main.cpp(673,20): message : 'std::basic_string<_Elem,_Traits,_Alloc> std::operator +(const std::basic_string<_Elem,_Traits,_Alloc> &,const std::basic_string<_Elem,_Traits,_Alloc> &)': could not deduce template argument for 'const std::basic_string<_Elem,_Traits,_Alloc> &' from 'List<int>'
C:\Program Files\Microsoft Visual Studio\2022\Community\VC\Tools\MSVC\14.35.32215\include\xutility(4052,5): message : or       'std::move_iterator<_Iter> std::operator +(move_iterator<_Iter>::difference_type,const std::move_iterator<_Iter> &) noexcept(<expr>)'
C:\Users\User\source\repos\Rasnoe\DataCont\main.cpp(673,20): message : 'std::move_iterator<_Iter> std::operator +(move_iterator<_Iter>::difference_type,const std::move_iterator<_Iter> &) noexcept(<expr>)': could not deduce template argument for 'const std::move_iterator<_Iter> &' from 'List<int>'
C:\Program Files\Microsoft Visual Studio\2022\Community\VC\Tools\MSVC\14.35.32215\include\xutility(1547,50): message : or       'std::reverse_iterator<_BidIt> std::operator +(reverse_iterator<_BidIt>::difference_type,const std::reverse_iterator<_BidIt> &) noexcept(<expr>)'
C:\Users\User\source\repos\Rasnoe\DataCont\main.cpp(673,20): message : 'std::reverse_iterator<_BidIt> std::operator +(reverse_iterator<_BidIt>::difference_type,const std::reverse_iterator<_BidIt> &) noexcept(<expr>)': could not deduce template argument for 'const std::reverse_iterator<_BidIt> &' from 'List<int>'
C:\Users\User\source\repos\Rasnoe\DataCont\main.cpp(675,21): error C3536: '<end>$L0': cannot be used before it is initialized
C:\Users\User\source\repos\Rasnoe\DataCont\main.cpp(675,15): error C2679: binary '!=': no operator found which takes a right-hand operand of type 'int' (or there is no acceptable conversion)
C:\Users\User\source\repos\Rasnoe\DataCont\main.cpp(50,8): message : could be 'bool List<int>::ConstBaseIterator::operator !=(const List<int>::ConstBaseIterator &) const'
C:\Program Files\Microsoft Visual Studio\2022\Community\VC\Tools\MSVC\14.35.32215\include\memory(3493,17): message : or       'bool std::operator !=(std::nullptr_t,const std::unique_ptr<_Ty,_Dx> &) noexcept'
C:\Users\User\source\repos\Rasnoe\DataCont\main.cpp(675,15): message : 'bool std::operator !=(std::nullptr_t,const std::unique_ptr<_Ty,_Dx> &) noexcept': could not deduce template argument for 'const std::unique_ptr<_Ty,_Dx> &' from 'int'
C:\Program Files\Microsoft Visual Studio\2022\Community\VC\Tools\MSVC\14.35.32215\include\memory(3488,17): message : or       'bool std::operator !=(const std::unique_ptr<_Ty,_Dx> &,std::nullptr_t) noexcept'
C:\Users\User\source\repos\Rasnoe\DataCont\main.cpp(675,15): message : 'bool std::operator !=(const std::unique_ptr<_Ty,_Dx> &,std::nullptr_t) noexcept': could not deduce template argument for 'const std::unique_ptr<_Ty,_Dx> &' from 'List<int>::Iterator'
C:\Program Files\Microsoft Visual Studio\2022\Community\VC\Tools\MSVC\14.35.32215\include\memory(3435,17): message : or       'bool std::operator !=(const std::unique_ptr<_Ty,_Dx> &,const std::unique_ptr<_Ty2,_Dx2> &)'
C:\Users\User\source\repos\Rasnoe\DataCont\main.cpp(675,15): message : 'bool std::operator !=(const std::unique_ptr<_Ty,_Dx> &,const std::unique_ptr<_Ty2,_Dx2> &)': could not deduce template argument for 'const std::unique_ptr<_Ty,_Dx> &' from 'List<int>::Iterator'
C:\Program Files\Microsoft Visual Studio\2022\Community\VC\Tools\MSVC\14.35.32215\include\memory(1829,17): message : or       'bool std::operator !=(std::nullptr_t,const std::shared_ptr<_Ty> &) noexcept'
C:\Users\User\source\repos\Rasnoe\DataCont\main.cpp(675,15): message : 'bool std::operator !=(std::nullptr_t,const std::shared_ptr<_Ty> &) noexcept': could not deduce template argument for 'const std::shared_ptr<_Ty> &' from 'int'
C:\Program Files\Microsoft Visual Studio\2022\Community\VC\Tools\MSVC\14.35.32215\include\memory(1824,17): message : or       'bool std::operator !=(const std::shared_ptr<_Ty> &,std::nullptr_t) noexcept'
C:\Users\User\source\repos\Rasnoe\DataCont\main.cpp(675,15): message : 'bool std::operator !=(const std::shared_ptr<_Ty> &,std::nullptr_t) noexcept': could not deduce template argument for 'const std::shared_ptr<_Ty> &' from 'List<int>::Iterator'
C:\Program Files\Microsoft Visual Studio\2022\Community\VC\Tools\MSVC\14.35.32215\include\memory(1782,17): message : or       'bool std::operator !=(const std::shared_ptr<_Ty> &,const std::shared_ptr<_Ty0> &) noexcept'
C:\Users\User\source\repos\Rasnoe\DataCont\main.cpp(675,15): message : 'bool std::operator !=(const std::shared_ptr<_Ty> &,const std::shared_ptr<_Ty0> &) noexcept': could not deduce template argument for 'const std::shared_ptr<_Ty> &' from 'List<int>::Iterator'
C:\Program Files\Microsoft Visual Studio\2022\Community\VC\Tools\MSVC\14.35.32215\include\xstring(5231,17): message : or       'bool std::operator !=(const std::basic_string<_Elem,_Traits,_Alloc> &,const _Elem *const )'
C:\Users\User\source\repos\Rasnoe\DataCont\main.cpp(675,15): message : 'bool std::operator !=(const std::basic_string<_Elem,_Traits,_Alloc> &,const _Elem *const )': could not deduce template argument for 'const std::basic_string<_Elem,_Traits,_Alloc> &' from 'List<int>::Iterator'
C:\Program Files\Microsoft Visual Studio\2022\Community\VC\Tools\MSVC\14.35.32215\include\xstring(5226,17): message : or       'bool std::operator !=(const _Elem *const ,const std::basic_string<_Elem,_Traits,_Alloc> &)'
C:\Users\User\source\repos\Rasnoe\DataCont\main.cpp(675,15): message : 'bool std::operator !=(const _Elem *const ,const std::basic_string<_Elem,_Traits,_Alloc> &)': could not deduce template argument for 'const _Elem *const ' from 'List<int>::Iterator'
C:\Program Files\Microsoft Visual Studio\2022\Community\VC\Tools\MSVC\14.35.32215\include\xstring(5220,17): message : or       'bool std::operator !=(const std::basic_string<_Elem,_Traits,_Alloc> &,const std::basic_string<_Elem,_Traits,_Alloc> &) noexcept'
C:\Users\User\source\repos\Rasnoe\DataCont\main.cpp(675,15): message : 'bool std::operator !=(const std::basic_string<_Elem,_Traits,_Alloc> &,const std::basic_string<_Elem,_Traits,_Alloc> &) noexcept': could not deduce template argument for 'const std::basic_string<_Elem,_Traits,_Alloc> &' from 'List<int>::Iterator'
C:\Program Files\Microsoft Visual Studio\2022\Community\VC\Tools\MSVC\14.35.32215\include\xmemory(900,17): message : or       'bool std::operator !=(const std::allocator<_Ty> &,const std::allocator<_Other> &) noexcept'
C:\Users\User\source\repos\Rasnoe\DataCont\main.cpp(675,15): message : 'bool std::operator !=(const std::allocator<_Ty> &,const std::allocator<_Other> &) noexcept': could not deduce template argument for 'const std::allocator<_Ty> &' from 'List<int>::Iterator'
C:\Program Files\Microsoft Visual Studio\2022\Community\VC\Tools\MSVC\14.35.32215\include\iterator(496,17): message : or       'bool std::operator !=(const std::istreambuf_iterator<_Elem,_Traits> &,const std::istreambuf_iterator<_Elem,_Traits> &)'
C:\Users\User\source\repos\Rasnoe\DataCont\main.cpp(675,15): message : 'bool std::operator !=(const std::istreambuf_iterator<_Elem,_Traits> &,const std::istreambuf_iterator<_Elem,_Traits> &)': could not deduce template argument for 'const std::istreambuf_iterator<_Elem,_Traits> &' from 'List<int>::Iterator'
C:\Program Files\Microsoft Visual Studio\2022\Community\VC\Tools\MSVC\14.35.32215\include\iterator(314,17): message : or       'bool std::operator !=(const std::istream_iterator<_Ty,_Elem,_Traits,_Diff> &,const std::istream_iterator<_Ty,_Elem,_Traits,_Diff> &) noexcept'
C:\Users\User\source\repos\Rasnoe\DataCont\main.cpp(675,15): message : 'bool std::operator !=(const std::istream_iterator<_Ty,_Elem,_Traits,_Diff> &,const std::istream_iterator<_Ty,_Elem,_Traits,_Diff> &) noexcept': could not deduce template argument for 'const std::istream_iterator<_Ty,_Elem,_Traits,_Diff> &' from 'List<int>::Iterator'
C:\Program Files\Microsoft Visual Studio\2022\Community\VC\Tools\MSVC\14.35.32215\include\xutility(3984,30): message : or       'bool std::operator !=(const std::move_iterator<_Iter> &,const std::move_iterator<_Iter2> &) noexcept(<expr>)'
C:\Users\User\source\repos\Rasnoe\DataCont\main.cpp(675,15): message : 'bool std::operator !=(const std::move_iterator<_Iter> &,const std::move_iterator<_Iter2> &) noexcept(<expr>)': could not deduce template argument for 'const std::move_iterator<_Iter> &' from 'List<int>::Iterator'
C:\Program Files\Microsoft Visual Studio\2022\Community\VC\Tools\MSVC\14.35.32215\include\xutility(1456,5): message : or       'bool std::operator !=(const std::reverse_iterator<_BidIt> &,const std::reverse_iterator<_BidIt2> &) noexcept(<expr>)'
C:\Users\User\source\repos\Rasnoe\DataCont\main.cpp(675,15): message : 'bool std::operator !=(const std::reverse_iterator<_BidIt> &,const std::reverse_iterator<_BidIt2> &) noexcept(<expr>)': could not deduce template argument for 'const std::reverse_iterator<_BidIt> &' from 'List<int>::Iterator'
C:\Program Files\Microsoft Visual Studio\2022\Community\VC\Tools\MSVC\14.35.32215\include\utility(383,27): message : or       'bool std::operator !=(const std::pair<_Ty1,_Ty2> &,const std::pair<_Ty1,_Ty2> &)'
C:\Users\User\source\repos\Rasnoe\DataCont\main.cpp(675,15): message : 'bool std::operator !=(const std::pair<_Ty1,_Ty2> &,const std::pair<_Ty1,_Ty2> &)': could not deduce template argument for 'const std::pair<_Ty1,_Ty2> &' from 'List<int>::Iterator'
C:\Users\User\source\repos\Rasnoe\DataCont\main.cpp(675,15): message : while trying to match the argument list '(List<int>::Iterator, int)'
C:\Users\User\source\repos\Rasnoe\DataCont\main.cpp(676,21): error C3536: '<end>$L1': cannot be used before it is initialized
C:\Users\User\source\repos\Rasnoe\DataCont\main.cpp(676,15): error C2679: binary '!=': no operator found which takes a right-hand operand of type 'int' (or there is no acceptable conversion)
C:\Users\User\source\repos\Rasnoe\DataCont\main.cpp(50,8): message : could be 'bool List<int>::ConstBaseIterator::operator !=(const List<int>::ConstBaseIterator &) const'
C:\Program Files\Microsoft Visual Studio\2022\Community\VC\Tools\MSVC\14.35.32215\include\memory(3493,17): message : or       'bool std::operator !=(std::nullptr_t,const std::unique_ptr<_Ty,_Dx> &) noexcept'
C:\Users\User\source\repos\Rasnoe\DataCont\main.cpp(676,15): message : 'bool std::operator !=(std::nullptr_t,const std::unique_ptr<_Ty,_Dx> &) noexcept': could not deduce template argument for 'const std::unique_ptr<_Ty,_Dx> &' from 'int'
C:\Program Files\Microsoft Visual Studio\2022\Community\VC\Tools\MSVC\14.35.32215\include\memory(3488,17): message : or       'bool std::operator !=(const std::unique_ptr<_Ty,_Dx> &,std::nullptr_t) noexcept'
C:\Users\User\source\repos\Rasnoe\DataCont\main.cpp(676,15): message : 'bool std::operator !=(const std::unique_ptr<_Ty,_Dx> &,std::nullptr_t) noexcept': could not deduce template argument for 'const std::unique_ptr<_Ty,_Dx> &' from 'List<int>::Iterator'
C:\Program Files\Microsoft Visual Studio\2022\Community\VC\Tools\MSVC\14.35.32215\include\memory(3435,17): message : or       'bool std::operator !=(const std::unique_ptr<_Ty,_Dx> &,const std::unique_ptr<_Ty2,_Dx2> &)'
C:\Users\User\source\repos\Rasnoe\DataCont\main.cpp(676,15): message : 'bool std::operator !=(const std::unique_ptr<_Ty,_Dx> &,const std::unique_ptr<_Ty2,_Dx2> &)': could not deduce template argument for 'const std::unique_ptr<_Ty,_Dx> &' from 'List<int>::Iterator'
C:\Program Files\Microsoft Visual Studio\2022\Community\VC\Tools\MSVC\14.35.32215\include\memory(1829,17): message : or       'bool std::operator !=(std::nullptr_t,const std::shared_ptr<_Ty> &) noexcept'
C:\Users\User\source\repos\Rasnoe\DataCont\main.cpp(676,15): message : 'bool std::operator !=(std::nullptr_t,const std::shared_ptr<_Ty> &) noexcept': could not deduce template argument for 'const std::shared_ptr<_Ty> &' from 'int'
C:\Program Files\Microsoft Visual Studio\2022\Community\VC\Tools\MSVC\14.35.32215\include\memory(1824,17): message : or       'bool std::operator !=(const std::shared_ptr<_Ty> &,std::nullptr_t) noexcept'
C:\Users\User\source\repos\Rasnoe\DataCont\main.cpp(676,15): message : 'bool std::operator !=(const std::shared_ptr<_Ty> &,std::nullptr_t) noexcept': could not deduce template argument for 'const std::shared_ptr<_Ty> &' from 'List<int>::Iterator'
C:\Program Files\Microsoft Visual Studio\2022\Community\VC\Tools\MSVC\14.35.32215\include\memory(1782,17): message : or       'bool std::operator !=(const std::shared_ptr<_Ty> &,const std::shared_ptr<_Ty0> &) noexcept'
C:\Users\User\source\repos\Rasnoe\DataCont\main.cpp(676,15): message : 'bool std::operator !=(const std::shared_ptr<_Ty> &,const std::shared_ptr<_Ty0> &) noexcept': could not deduce template argument for 'const std::shared_ptr<_Ty> &' from 'List<int>::Iterator'
C:\Program Files\Microsoft Visual Studio\2022\Community\VC\Tools\MSVC\14.35.32215\include\xstring(5231,17): message : or       'bool std::operator !=(const std::basic_string<_Elem,_Traits,_Alloc> &,const _Elem *const )'
C:\Users\User\source\repos\Rasnoe\DataCont\main.cpp(676,15): message : 'bool std::operator !=(const std::basic_string<_Elem,_Traits,_Alloc> &,const _Elem *const )': could not deduce template argument for 'const std::basic_string<_Elem,_Traits,_Alloc> &' from 'List<int>::Iterator'
C:\Program Files\Microsoft Visual Studio\2022\Community\VC\Tools\MSVC\14.35.32215\include\xstring(5226,17): message : or       'bool std::operator !=(const _Elem *const ,const std::basic_string<_Elem,_Traits,_Alloc> &)'
C:\Users\User\source\repos\Rasnoe\DataCont\main.cpp(676,15): message : 'bool std::operator !=(const _Elem *const ,const std::basic_string<_Elem,_Traits,_Alloc> &)': could not deduce template argument for 'const _Elem *const ' from 'List<int>::Iterator'
C:\Program Files\Microsoft Visual Studio\2022\Community\VC\Tools\MSVC\14.35.32215\include\xstring(5220,17): message : or       'bool std::operator !=(const std::basic_string<_Elem,_Traits,_Alloc> &,const std::basic_string<_Elem,_Traits,_Alloc> &) noexcept'
C:\Users\User\source\repos\Rasnoe\DataCont\main.cpp(676,15): message : 'bool std::operator !=(const std::basic_string<_Elem,_Traits,_Alloc> &,const std::basic_string<_Elem,_Traits,_Alloc> &) noexcept': could not deduce template argument for 'const std::basic_string<_Elem,_Traits,_Alloc> &' from 'List<int>::Iterator'
C:\Program Files\Microsoft Visual Studio\2022\Community\VC\Tools\MSVC\14.35.32215\include\xmemory(900,17): message : or       'bool std::operator !=(const std::allocator<_Ty> &,const std::allocator<_Other> &) noexcept'
C:\Users\User\source\repos\Rasnoe\DataCont\main.cpp(676,15): message : 'bool std::operator !=(const std::allocator<_Ty> &,const std::allocator<_Other> &) noexcept': could not deduce template argument for 'const std::allocator<_Ty> &' from 'List<int>::Iterator'
C:\Program Files\Microsoft Visual Studio\2022\Community\VC\Tools\MSVC\14.35.32215\include\iterator(496,17): message : or       'bool std::operator !=(const std::istreambuf_iterator<_Elem,_Traits> &,const std::istreambuf_iterator<_Elem,_Traits> &)'
C:\Users\User\source\repos\Rasnoe\DataCont\main.cpp(676,15): message : 'bool std::operator !=(const std::istreambuf_iterator<_Elem,_Traits> &,const std::istreambuf_iterator<_Elem,_Traits> &)': could not deduce template argument for 'const std::istreambuf_iterator<_Elem,_Traits> &' from 'List<int>::Iterator'
C:\Program Files\Microsoft Visual Studio\2022\Community\VC\Tools\MSVC\14.35.32215\include\iterator(314,17): message : or       'bool std::operator !=(const std::istream_iterator<_Ty,_Elem,_Traits,_Diff> &,const std::istream_iterator<_Ty,_Elem,_Traits,_Diff> &) noexcept'
C:\Users\User\source\repos\Rasnoe\DataCont\main.cpp(676,15): message : 'bool std::operator !=(const std::istream_iterator<_Ty,_Elem,_Traits,_Diff> &,const std::istream_iterator<_Ty,_Elem,_Traits,_Diff> &) noexcept': could not deduce template argument for 'const std::istream_iterator<_Ty,_Elem,_Traits,_Diff> &' from 'List<int>::Iterator'
C:\Program Files\Microsoft Visual Studio\2022\Community\VC\Tools\MSVC\14.35.32215\include\xutility(3984,30): message : or       'bool std::operator !=(const std::move_iterator<_Iter> &,const std::move_iterator<_Iter2> &) noexcept(<expr>)'
C:\Users\User\source\repos\Rasnoe\DataCont\main.cpp(676,15): message : 'bool std::operator !=(const std::move_iterator<_Iter> &,const std::move_iterator<_Iter2> &) noexcept(<expr>)': could not deduce template argument for 'const std::move_iterator<_Iter> &' from 'List<int>::Iterator'
C:\Program Files\Microsoft Visual Studio\2022\Community\VC\Tools\MSVC\14.35.32215\include\xutility(1456,5): message : or       'bool std::operator !=(const std::reverse_iterator<_BidIt> &,const std::reverse_iterator<_BidIt2> &) noexcept(<expr>)'
C:\Users\User\source\repos\Rasnoe\DataCont\main.cpp(676,15): message : 'bool std::operator !=(const std::reverse_iterator<_BidIt> &,const std::reverse_iterator<_BidIt2> &) noexcept(<expr>)': could not deduce template argument for 'const std::reverse_iterator<_BidIt> &' from 'List<int>::Iterator'
C:\Program Files\Microsoft Visual Studio\2022\Community\VC\Tools\MSVC\14.35.32215\include\utility(383,27): message : or       'bool std::operator !=(const std::pair<_Ty1,_Ty2> &,const std::pair<_Ty1,_Ty2> &)'
C:\Users\User\source\repos\Rasnoe\DataCont\main.cpp(676,15): message : 'bool std::operator !=(const std::pair<_Ty1,_Ty2> &,const std::pair<_Ty1,_Ty2> &)': could not deduce template argument for 'const std::pair<_Ty1,_Ty2> &' from 'List<int>::Iterator'
C:\Users\User\source\repos\Rasnoe\DataCont\main.cpp(676,15): message : while trying to match the argument list '(List<int>::Iterator, int)'
C:\Users\User\source\repos\Rasnoe\DataCont\main.cpp(677,21): error C3536: '<end>$L2': cannot be used before it is initialized
C:\Users\User\source\repos\Rasnoe\DataCont\main.cpp(677,15): error C2679: binary '!=': no operator found which takes a right-hand operand of type 'int' (or there is no acceptable conversion)
C:\Users\User\source\repos\Rasnoe\DataCont\main.cpp(50,8): message : could be 'bool List<int>::ConstBaseIterator::operator !=(const List<int>::ConstBaseIterator &) const'
C:\Program Files\Microsoft Visual Studio\2022\Community\VC\Tools\MSVC\14.35.32215\include\memory(3493,17): message : or       'bool std::operator !=(std::nullptr_t,const std::unique_ptr<_Ty,_Dx> &) noexcept'
C:\Users\User\source\repos\Rasnoe\DataCont\main.cpp(677,15): message : 'bool std::operator !=(std::nullptr_t,const std::unique_ptr<_Ty,_Dx> &) noexcept': could not deduce template argument for 'const std::unique_ptr<_Ty,_Dx> &' from 'int'
C:\Program Files\Microsoft Visual Studio\2022\Community\VC\Tools\MSVC\14.35.32215\include\memory(3488,17): message : or       'bool std::operator !=(const std::unique_ptr<_Ty,_Dx> &,std::nullptr_t) noexcept'
C:\Users\User\source\repos\Rasnoe\DataCont\main.cpp(677,15): message : 'bool std::operator !=(const std::unique_ptr<_Ty,_Dx> &,std::nullptr_t) noexcept': could not deduce template argument for 'const std::unique_ptr<_Ty,_Dx> &' from 'List<int>::Iterator'
C:\Program Files\Microsoft Visual Studio\2022\Community\VC\Tools\MSVC\14.35.32215\include\memory(3435,17): message : or       'bool std::operator !=(const std::unique_ptr<_Ty,_Dx> &,const std::unique_ptr<_Ty2,_Dx2> &)'
C:\Users\User\source\repos\Rasnoe\DataCont\main.cpp(677,15): message : 'bool std::operator !=(const std::unique_ptr<_Ty,_Dx> &,const std::unique_ptr<_Ty2,_Dx2> &)': could not deduce template argument for 'const std::unique_ptr<_Ty,_Dx> &' from 'List<int>::Iterator'
C:\Program Files\Microsoft Visual Studio\2022\Community\VC\Tools\MSVC\14.35.32215\include\memory(1829,17): message : or       'bool std::operator !=(std::nullptr_t,const std::shared_ptr<_Ty> &) noexcept'
C:\Users\User\source\repos\Rasnoe\DataCont\main.cpp(677,15): message : 'bool std::operator !=(std::nullptr_t,const std::shared_ptr<_Ty> &) noexcept': could not deduce template argument for 'const std::shared_ptr<_Ty> &' from 'int'
C:\Program Files\Microsoft Visual Studio\2022\Community\VC\Tools\MSVC\14.35.32215\include\memory(1824,17): message : or       'bool std::operator !=(const std::shared_ptr<_Ty> &,std::nullptr_t) noexcept'
C:\Users\User\source\repos\Rasnoe\DataCont\main.cpp(677,15): message : 'bool std::operator !=(const std::shared_ptr<_Ty> &,std::nullptr_t) noexcept': could not deduce template argument for 'const std::shared_ptr<_Ty> &' from 'List<int>::Iterator'
C:\Program Files\Microsoft Visual Studio\2022\Community\VC\Tools\MSVC\14.35.32215\include\memory(1782,17): message : or       'bool std::operator !=(const std::shared_ptr<_Ty> &,const std::shared_ptr<_Ty0> &) noexcept'
C:\Users\User\source\repos\Rasnoe\DataCont\main.cpp(677,15): message : 'bool std::operator !=(const std::shared_ptr<_Ty> &,const std::shared_ptr<_Ty0> &) noexcept': could not deduce template argument for 'const std::shared_ptr<_Ty> &' from 'List<int>::Iterator'
C:\Program Files\Microsoft Visual Studio\2022\Community\VC\Tools\MSVC\14.35.32215\include\xstring(5231,17): message : or       'bool std::operator !=(const std::basic_string<_Elem,_Traits,_Alloc> &,const _Elem *const )'
C:\Users\User\source\repos\Rasnoe\DataCont\main.cpp(677,15): message : 'bool std::operator !=(const std::basic_string<_Elem,_Traits,_Alloc> &,const _Elem *const )': could not deduce template argument for 'const std::basic_string<_Elem,_Traits,_Alloc> &' from 'List<int>::Iterator'
C:\Program Files\Microsoft Visual Studio\2022\Community\VC\Tools\MSVC\14.35.32215\include\xstring(5226,17): message : or       'bool std::operator !=(const _Elem *const ,const std::basic_string<_Elem,_Traits,_Alloc> &)'
C:\Users\User\source\repos\Rasnoe\DataCont\main.cpp(677,15): message : 'bool std::operator !=(const _Elem *const ,const std::basic_string<_Elem,_Traits,_Alloc> &)': could not deduce template argument for 'const _Elem *const ' from 'List<int>::Iterator'
C:\Program Files\Microsoft Visual Studio\2022\Community\VC\Tools\MSVC\14.35.32215\include\xstring(5220,17): message : or       'bool std::operator !=(const std::basic_string<_Elem,_Traits,_Alloc> &,const std::basic_string<_Elem,_Traits,_Alloc> &) noexcept'
C:\Users\User\source\repos\Rasnoe\DataCont\main.cpp(677,15): message : 'bool std::operator !=(const std::basic_string<_Elem,_Traits,_Alloc> &,const std::basic_string<_Elem,_Traits,_Alloc> &) noexcept': could not deduce template argument for 'const std::basic_string<_Elem,_Traits,_Alloc> &' from 'List<int>::Iterator'
C:\Program Files\Microsoft Visual Studio\2022\Community\VC\Tools\MSVC\14.35.32215\include\xmemory(900,17): message : or       'bool std::operator !=(const std::allocator<_Ty> &,const std::allocator<_Other> &) noexcept'
C:\Users\User\source\repos\Rasnoe\DataCont\main.cpp(677,15): message : 'bool std::operator !=(const std::allocator<_Ty> &,const std::allocator<_Other> &) noexcept': could not deduce template argument for 'const std::allocator<_Ty> &' from 'List<int>::Iterator'
C:\Program Files\Microsoft Visual Studio\2022\Community\VC\Tools\MSVC\14.35.32215\include\iterator(496,17): message : or       'bool std::operator !=(const std::istreambuf_iterator<_Elem,_Traits> &,const std::istreambuf_iterator<_Elem,_Traits> &)'
C:\Users\User\source\repos\Rasnoe\DataCont\main.cpp(677,15): message : 'bool std::operator !=(const std::istreambuf_iterator<_Elem,_Traits> &,const std::istreambuf_iterator<_Elem,_Traits> &)': could not deduce template argument for 'const std::istreambuf_iterator<_Elem,_Traits> &' from 'List<int>::Iterator'
C:\Program Files\Microsoft Visual Studio\2022\Community\VC\Tools\MSVC\14.35.32215\include\iterator(314,17): message : or       'bool std::operator !=(const std::istream_iterator<_Ty,_Elem,_Traits,_Diff> &,const std::istream_iterator<_Ty,_Elem,_Traits,_Diff> &) noexcept'
C:\Users\User\source\repos\Rasnoe\DataCont\main.cpp(677,15): message : 'bool std::operator !=(const std::istream_iterator<_Ty,_Elem,_Traits,_Diff> &,const std::istream_iterator<_Ty,_Elem,_Traits,_Diff> &) noexcept': could not deduce template argument for 'const std::istream_iterator<_Ty,_Elem,_Traits,_Diff> &' from 'List<int>::Iterator'
C:\Program Files\Microsoft Visual Studio\2022\Community\VC\Tools\MSVC\14.35.32215\include\xutility(3984,30): message : or       'bool std::operator !=(const std::move_iterator<_Iter> &,const std::move_iterator<_Iter2> &) noexcept(<expr>)'
C:\Users\User\source\repos\Rasnoe\DataCont\main.cpp(677,15): message : 'bool std::operator !=(const std::move_iterator<_Iter> &,const std::move_iterator<_Iter2> &) noexcept(<expr>)': could not deduce template argument for 'const std::move_iterator<_Iter> &' from 'List<int>::Iterator'
C:\Program Files\Microsoft Visual Studio\2022\Community\VC\Tools\MSVC\14.35.32215\include\xutility(1456,5): message : or       'bool std::operator !=(const std::reverse_iterator<_BidIt> &,const std::reverse_iterator<_BidIt2> &) noexcept(<expr>)'
C:\Users\User\source\repos\Rasnoe\DataCont\main.cpp(677,15): message : 'bool std::operator !=(const std::reverse_iterator<_BidIt> &,const std::reverse_iterator<_BidIt2> &) noexcept(<expr>)': could not deduce template argument for 'const std::reverse_iterator<_BidIt> &' from 'List<int>::Iterator'
C:\Program Files\Microsoft Visual Studio\2022\Community\VC\Tools\MSVC\14.35.32215\include\utility(383,27): message : or       'bool std::operator !=(const std::pair<_Ty1,_Ty2> &,const std::pair<_Ty1,_Ty2> &)'
C:\Users\User\source\repos\Rasnoe\DataCont\main.cpp(677,15): message : 'bool std::operator !=(const std::pair<_Ty1,_Ty2> &,const std::pair<_Ty1,_Ty2> &)': could not deduce template argument for 'const std::pair<_Ty1,_Ty2> &' from 'List<int>::Iterator'
C:\Users\User\source\repos\Rasnoe\DataCont\main.cpp(677,15): message : while trying to match the argument list '(List<int>::Iterator, int)'
C:\Users\User\source\repos\Rasnoe\DataCont\main.cpp(683,21): error C3536: '<end>$L3': cannot be used before it is initialized
C:\Users\User\source\repos\Rasnoe\DataCont\main.cpp(683,15): error C2679: binary '!=': no operator found which takes a right-hand operand of type 'int' (or there is no acceptable conversion)
C:\Users\User\source\repos\Rasnoe\DataCont\main.cpp(50,8): message : could be 'bool List<int>::ConstBaseIterator::operator !=(const List<int>::ConstBaseIterator &) const'
C:\Program Files\Microsoft Visual Studio\2022\Community\VC\Tools\MSVC\14.35.32215\include\memory(3493,17): message : or       'bool std::operator !=(std::nullptr_t,const std::unique_ptr<_Ty,_Dx> &) noexcept'
C:\Users\User\source\repos\Rasnoe\DataCont\main.cpp(683,15): message : 'bool std::operator !=(std::nullptr_t,const std::unique_ptr<_Ty,_Dx> &) noexcept': could not deduce template argument for 'const std::unique_ptr<_Ty,_Dx> &' from 'int'
C:\Program Files\Microsoft Visual Studio\2022\Community\VC\Tools\MSVC\14.35.32215\include\memory(3488,17): message : or       'bool std::operator !=(const std::unique_ptr<_Ty,_Dx> &,std::nullptr_t) noexcept'
C:\Users\User\source\repos\Rasnoe\DataCont\main.cpp(683,15): message : 'bool std::operator !=(const std::unique_ptr<_Ty,_Dx> &,std::nullptr_t) noexcept': could not deduce template argument for 'const std::unique_ptr<_Ty,_Dx> &' from 'List<int>::Iterator'
C:\Program Files\Microsoft Visual Studio\2022\Community\VC\Tools\MSVC\14.35.32215\include\memory(3435,17): message : or       'bool std::operator !=(const std::unique_ptr<_Ty,_Dx> &,const std::unique_ptr<_Ty2,_Dx2> &)'
C:\Users\User\source\repos\Rasnoe\DataCont\main.cpp(683,15): message : 'bool std::operator !=(const std::unique_ptr<_Ty,_Dx> &,const std::unique_ptr<_Ty2,_Dx2> &)': could not deduce template argument for 'const std::unique_ptr<_Ty,_Dx> &' from 'List<int>::Iterator'
C:\Program Files\Microsoft Visual Studio\2022\Community\VC\Tools\MSVC\14.35.32215\include\memory(1829,17): message : or       'bool std::operator !=(std::nullptr_t,const std::shared_ptr<_Ty> &) noexcept'
C:\Users\User\source\repos\Rasnoe\DataCont\main.cpp(683,15): message : 'bool std::operator !=(std::nullptr_t,const std::shared_ptr<_Ty> &) noexcept': could not deduce template argument for 'const std::shared_ptr<_Ty> &' from 'int'
C:\Program Files\Microsoft Visual Studio\2022\Community\VC\Tools\MSVC\14.35.32215\include\memory(1824,17): message : or       'bool std::operator !=(const std::shared_ptr<_Ty> &,std::nullptr_t) noexcept'
C:\Users\User\source\repos\Rasnoe\DataCont\main.cpp(683,15): message : 'bool std::operator !=(const std::shared_ptr<_Ty> &,std::nullptr_t) noexcept': could not deduce template argument for 'const std::shared_ptr<_Ty> &' from 'List<int>::Iterator'
C:\Program Files\Microsoft Visual Studio\2022\Community\VC\Tools\MSVC\14.35.32215\include\memory(1782,17): message : or       'bool std::operator !=(const std::shared_ptr<_Ty> &,const std::shared_ptr<_Ty0> &) noexcept'
C:\Users\User\source\repos\Rasnoe\DataCont\main.cpp(683,15): message : 'bool std::operator !=(const std::shared_ptr<_Ty> &,const std::shared_ptr<_Ty0> &) noexcept': could not deduce template argument for 'const std::shared_ptr<_Ty> &' from 'List<int>::Iterator'
C:\Program Files\Microsoft Visual Studio\2022\Community\VC\Tools\MSVC\14.35.32215\include\xstring(5231,17): message : or       'bool std::operator !=(const std::basic_string<_Elem,_Traits,_Alloc> &,const _Elem *const )'
C:\Users\User\source\repos\Rasnoe\DataCont\main.cpp(683,15): message : 'bool std::operator !=(const std::basic_string<_Elem,_Traits,_Alloc> &,const _Elem *const )': could not deduce template argument for 'const std::basic_string<_Elem,_Traits,_Alloc> &' from 'List<int>::Iterator'
C:\Program Files\Microsoft Visual Studio\2022\Community\VC\Tools\MSVC\14.35.32215\include\xstring(5226,17): message : or       'bool std::operator !=(const _Elem *const ,const std::basic_string<_Elem,_Traits,_Alloc> &)'
C:\Users\User\source\repos\Rasnoe\DataCont\main.cpp(683,15): message : 'bool std::operator !=(const _Elem *const ,const std::basic_string<_Elem,_Traits,_Alloc> &)': could not deduce template argument for 'const _Elem *const ' from 'List<int>::Iterator'
C:\Program Files\Microsoft Visual Studio\2022\Community\VC\Tools\MSVC\14.35.32215\include\xstring(5220,17): message : or       'bool std::operator !=(const std::basic_string<_Elem,_Traits,_Alloc> &,const std::basic_string<_Elem,_Traits,_Alloc> &) noexcept'
C:\Users\User\source\repos\Rasnoe\DataCont\main.cpp(683,15): message : 'bool std::operator !=(const std::basic_string<_Elem,_Traits,_Alloc> &,const std::basic_string<_Elem,_Traits,_Alloc> &) noexcept': could not deduce template argument for 'const std::basic_string<_Elem,_Traits,_Alloc> &' from 'List<int>::Iterator'
C:\Program Files\Microsoft Visual Studio\2022\Community\VC\Tools\MSVC\14.35.32215\include\xmemory(900,17): message : or       'bool std::operator !=(const std::allocator<_Ty> &,const std::allocator<_Other> &) noexcept'
C:\Users\User\source\repos\Rasnoe\DataCont\main.cpp(683,15): message : 'bool std::operator !=(const std::allocator<_Ty> &,const std::allocator<_Other> &) noexcept': could not deduce template argument for 'const std::allocator<_Ty> &' from 'List<int>::Iterator'
C:\Program Files\Microsoft Visual Studio\2022\Community\VC\Tools\MSVC\14.35.32215\include\iterator(496,17): message : or       'bool std::operator !=(const std::istreambuf_iterator<_Elem,_Traits> &,const std::istreambuf_iterator<_Elem,_Traits> &)'
C:\Users\User\source\repos\Rasnoe\DataCont\main.cpp(683,15): message : 'bool std::operator !=(const std::istreambuf_iterator<_Elem,_Traits> &,const std::istreambuf_iterator<_Elem,_Traits> &)': could not deduce template argument for 'const std::istreambuf_iterator<_Elem,_Traits> &' from 'List<int>::Iterator'
C:\Program Files\Microsoft Visual Studio\2022\Community\VC\Tools\MSVC\14.35.32215\include\iterator(314,17): message : or       'bool std::operator !=(const std::istream_iterator<_Ty,_Elem,_Traits,_Diff> &,const std::istream_iterator<_Ty,_Elem,_Traits,_Diff> &) noexcept'
C:\Users\User\source\repos\Rasnoe\DataCont\main.cpp(683,15): message : 'bool std::operator !=(const std::istream_iterator<_Ty,_Elem,_Traits,_Diff> &,const std::istream_iterator<_Ty,_Elem,_Traits,_Diff> &) noexcept': could not deduce template argument for 'const std::istream_iterator<_Ty,_Elem,_Traits,_Diff> &' from 'List<int>::Iterator'
C:\Program Files\Microsoft Visual Studio\2022\Community\VC\Tools\MSVC\14.35.32215\include\xutility(3984,30): message : or       'bool std::operator !=(const std::move_iterator<_Iter> &,const std::move_iterator<_Iter2> &) noexcept(<expr>)'
C:\Users\User\source\repos\Rasnoe\DataCont\main.cpp(683,15): message : 'bool std::operator !=(const std::move_iterator<_Iter> &,const std::move_iterator<_Iter2> &) noexcept(<expr>)': could not deduce template argument for 'const std::move_iterator<_Iter> &' from 'List<int>::Iterator'
C:\Program Files\Microsoft Visual Studio\2022\Community\VC\Tools\MSVC\14.35.32215\include\xutility(1456,5): message : or       'bool std::operator !=(const std::reverse_iterator<_BidIt> &,const std::reverse_iterator<_BidIt2> &) noexcept(<expr>)'
C:\Users\User\source\repos\Rasnoe\DataCont\main.cpp(683,15): message : 'bool std::operator !=(const std::reverse_iterator<_BidIt> &,const std::reverse_iterator<_BidIt2> &) noexcept(<expr>)': could not deduce template argument for 'const std::reverse_iterator<_BidIt> &' from 'List<int>::Iterator'
C:\Program Files\Microsoft Visual Studio\2022\Community\VC\Tools\MSVC\14.35.32215\include\utility(383,27): message : or       'bool std::operator !=(const std::pair<_Ty1,_Ty2> &,const std::pair<_Ty1,_Ty2> &)'
C:\Users\User\source\repos\Rasnoe\DataCont\main.cpp(683,15): message : 'bool std::operator !=(const std::pair<_Ty1,_Ty2> &,const std::pair<_Ty1,_Ty2> &)': could not deduce template argument for 'const std::pair<_Ty1,_Ty2> &' from 'List<int>::Iterator'
C:\Users\User\source\repos\Rasnoe\DataCont\main.cpp(683,15): message : while trying to match the argument list '(List<int>::Iterator, int)'
C:\Users\User\source\repos\Rasnoe\DataCont\main.cpp(167,1): error C2333: 'List<double>::end': error in function declaration; skipping function body
C:\Users\User\source\repos\Rasnoe\DataCont\main.cpp(686,24): message : see reference to class template instantiation 'List<double>' being compiled
C:\Users\User\source\repos\Rasnoe\DataCont\main.cpp(686,24): error C2440: 'initializing': cannot convert from 'initializer list' to 'List<double>'
C:\Users\User\source\repos\Rasnoe\DataCont\main.cpp(686,24): message : No constructor could take the source type, or constructor overload resolution was ambiguous
C:\Users\User\source\repos\Rasnoe\DataCont\main.cpp(687,25): error C3536: '<end>$L4': cannot be used before it is initialized
C:\Users\User\source\repos\Rasnoe\DataCont\main.cpp(687,18): error C2679: binary '!=': no operator found which takes a right-hand operand of type 'int' (or there is no acceptable conversion)
C:\Users\User\source\repos\Rasnoe\DataCont\main.cpp(50,8): message : could be 'bool List<double>::ConstBaseIterator::operator !=(const List<double>::ConstBaseIterator &) const'
C:\Program Files\Microsoft Visual Studio\2022\Community\VC\Tools\MSVC\14.35.32215\include\memory(3493,17): message : or       'bool std::operator !=(std::nullptr_t,const std::unique_ptr<_Ty,_Dx> &) noexcept'
C:\Users\User\source\repos\Rasnoe\DataCont\main.cpp(687,18): message : 'bool std::operator !=(std::nullptr_t,const std::unique_ptr<_Ty,_Dx> &) noexcept': could not deduce template argument for 'const std::unique_ptr<_Ty,_Dx> &' from 'int'
C:\Program Files\Microsoft Visual Studio\2022\Community\VC\Tools\MSVC\14.35.32215\include\memory(3488,17): message : or       'bool std::operator !=(const std::unique_ptr<_Ty,_Dx> &,std::nullptr_t) noexcept'
C:\Users\User\source\repos\Rasnoe\DataCont\main.cpp(687,18): message : 'bool std::operator !=(const std::unique_ptr<_Ty,_Dx> &,std::nullptr_t) noexcept': could not deduce template argument for 'const std::unique_ptr<_Ty,_Dx> &' from 'List<double>::Iterator'
C:\Program Files\Microsoft Visual Studio\2022\Community\VC\Tools\MSVC\14.35.32215\include\memory(3435,17): message : or       'bool std::operator !=(const std::unique_ptr<_Ty,_Dx> &,const std::unique_ptr<_Ty2,_Dx2> &)'
C:\Users\User\source\repos\Rasnoe\DataCont\main.cpp(687,18): message : 'bool std::operator !=(const std::unique_ptr<_Ty,_Dx> &,const std::unique_ptr<_Ty2,_Dx2> &)': could not deduce template argument for 'const std::unique_ptr<_Ty,_Dx> &' from 'List<double>::Iterator'
C:\Program Files\Microsoft Visual Studio\2022\Community\VC\Tools\MSVC\14.35.32215\include\memory(1829,17): message : or       'bool std::operator !=(std::nullptr_t,const std::shared_ptr<_Ty> &) noexcept'
C:\Users\User\source\repos\Rasnoe\DataCont\main.cpp(687,18): message : 'bool std::operator !=(std::nullptr_t,const std::shared_ptr<_Ty> &) noexcept': could not deduce template argument for 'const std::shared_ptr<_Ty> &' from 'int'
C:\Program Files\Microsoft Visual Studio\2022\Community\VC\Tools\MSVC\14.35.32215\include\memory(1824,17): message : or       'bool std::operator !=(const std::shared_ptr<_Ty> &,std::nullptr_t) noexcept'
C:\Users\User\source\repos\Rasnoe\DataCont\main.cpp(687,18): message : 'bool std::operator !=(const std::shared_ptr<_Ty> &,std::nullptr_t) noexcept': could not deduce template argument for 'const std::shared_ptr<_Ty> &' from 'List<double>::Iterator'
C:\Program Files\Microsoft Visual Studio\2022\Community\VC\Tools\MSVC\14.35.32215\include\memory(1782,17): message : or       'bool std::operator !=(const std::shared_ptr<_Ty> &,const std::shared_ptr<_Ty0> &) noexcept'
C:\Users\User\source\repos\Rasnoe\DataCont\main.cpp(687,18): message : 'bool std::operator !=(const std::shared_ptr<_Ty> &,const std::shared_ptr<_Ty0> &) noexcept': could not deduce template argument for 'const std::shared_ptr<_Ty> &' from 'List<double>::Iterator'
C:\Program Files\Microsoft Visual Studio\2022\Community\VC\Tools\MSVC\14.35.32215\include\xstring(5231,17): message : or       'bool std::operator !=(const std::basic_string<_Elem,_Traits,_Alloc> &,const _Elem *const )'
C:\Users\User\source\repos\Rasnoe\DataCont\main.cpp(687,18): message : 'bool std::operator !=(const std::basic_string<_Elem,_Traits,_Alloc> &,const _Elem *const )': could not deduce template argument for 'const std::basic_string<_Elem,_Traits,_Alloc> &' from 'List<double>::Iterator'
C:\Program Files\Microsoft Visual Studio\2022\Community\VC\Tools\MSVC\14.35.32215\include\xstring(5226,17): message : or       'bool std::operator !=(const _Elem *const ,const std::basic_string<_Elem,_Traits,_Alloc> &)'
C:\Users\User\source\repos\Rasnoe\DataCont\main.cpp(687,18): message : 'bool std::operator !=(const _Elem *const ,const std::basic_string<_Elem,_Traits,_Alloc> &)': could not deduce template argument for 'const _Elem *const ' from 'List<double>::Iterator'
C:\Program Files\Microsoft Visual Studio\2022\Community\VC\Tools\MSVC\14.35.32215\include\xstring(5220,17): message : or       'bool std::operator !=(const std::basic_string<_Elem,_Traits,_Alloc> &,const std::basic_string<_Elem,_Traits,_Alloc> &) noexcept'
C:\Users\User\source\repos\Rasnoe\DataCont\main.cpp(687,18): message : 'bool std::operator !=(const std::basic_string<_Elem,_Traits,_Alloc> &,const std::basic_string<_Elem,_Traits,_Alloc> &) noexcept': could not deduce template argument for 'const std::basic_string<_Elem,_Traits,_Alloc> &' from 'List<double>::Iterator'
C:\Program Files\Microsoft Visual Studio\2022\Community\VC\Tools\MSVC\14.35.32215\include\xmemory(900,17): message : or       'bool std::operator !=(const std::allocator<_Ty> &,const std::allocator<_Other> &) noexcept'
C:\Users\User\source\repos\Rasnoe\DataCont\main.cpp(687,18): message : 'bool std::operator !=(const std::allocator<_Ty> &,const std::allocator<_Other> &) noexcept': could not deduce template argument for 'const std::allocator<_Ty> &' from 'List<double>::Iterator'
C:\Program Files\Microsoft Visual Studio\2022\Community\VC\Tools\MSVC\14.35.32215\include\iterator(496,17): message : or       'bool std::operator !=(const std::istreambuf_iterator<_Elem,_Traits> &,const std::istreambuf_iterator<_Elem,_Traits> &)'
C:\Users\User\source\repos\Rasnoe\DataCont\main.cpp(687,18): message : 'bool std::operator !=(const std::istreambuf_iterator<_Elem,_Traits> &,const std::istreambuf_iterator<_Elem,_Traits> &)': could not deduce template argument for 'const std::istreambuf_iterator<_Elem,_Traits> &' from 'List<double>::Iterator'
C:\Program Files\Microsoft Visual Studio\2022\Community\VC\Tools\MSVC\14.35.32215\include\iterator(314,17): message : or       'bool std::operator !=(const std::istream_iterator<_Ty,_Elem,_Traits,_Diff> &,const std::istream_iterator<_Ty,_Elem,_Traits,_Diff> &) noexcept'
C:\Users\User\source\repos\Rasnoe\DataCont\main.cpp(687,18): message : 'bool std::operator !=(const std::istream_iterator<_Ty,_Elem,_Traits,_Diff> &,const std::istream_iterator<_Ty,_Elem,_Traits,_Diff> &) noexcept': could not deduce template argument for 'const std::istream_iterator<_Ty,_Elem,_Traits,_Diff> &' from 'List<double>::Iterator'
C:\Program Files\Microsoft Visual Studio\2022\Community\VC\Tools\MSVC\14.35.32215\include\xutility(3984,30): message : or       'bool std::operator !=(const std::move_iterator<_Iter> &,const std::move_iterator<_Iter2> &) noexcept(<expr>)'
C:\Users\User\source\repos\Rasnoe\DataCont\main.cpp(687,18): message : 'bool std::operator !=(const std::move_iterator<_Iter> &,const std::move_iterator<_Iter2> &) noexcept(<expr>)': could not deduce template argument for 'const std::move_iterator<_Iter> &' from 'List<double>::Iterator'
C:\Program Files\Microsoft Visual Studio\2022\Community\VC\Tools\MSVC\14.35.32215\include\xutility(1456,5): message : or       'bool std::operator !=(const std::reverse_iterator<_BidIt> &,const std::reverse_iterator<_BidIt2> &) noexcept(<expr>)'
C:\Users\User\source\repos\Rasnoe\DataCont\main.cpp(687,18): message : 'bool std::operator !=(const std::reverse_iterator<_BidIt> &,const std::reverse_iterator<_BidIt2> &) noexcept(<expr>)': could not deduce template argument for 'const std::reverse_iterator<_BidIt> &' from 'List<double>::Iterator'
C:\Program Files\Microsoft Visual Studio\2022\Community\VC\Tools\MSVC\14.35.32215\include\utility(383,27): message : or       'bool std::operator !=(const std::pair<_Ty1,_Ty2> &,const std::pair<_Ty1,_Ty2> &)'
C:\Users\User\source\repos\Rasnoe\DataCont\main.cpp(687,18): message : 'bool std::operator !=(const std::pair<_Ty1,_Ty2> &,const std::pair<_Ty1,_Ty2> &)': could not deduce template argument for 'const std::pair<_Ty1,_Ty2> &' from 'List<double>::Iterator'
C:\Users\User\source\repos\Rasnoe\DataCont\main.cpp(687,18): message : while trying to match the argument list '(List<double>::Iterator, int)'
C:\Users\User\source\repos\Rasnoe\DataCont\main.cpp(167,1): error C2333: 'List<std::string>::end': error in function declaration; skipping function body
C:\Users\User\source\repos\Rasnoe\DataCont\main.cpp(689,31): message : see reference to class template instantiation 'List<std::string>' being compiled
C:\Users\User\source\repos\Rasnoe\DataCont\main.cpp(689,31): error C2440: 'initializing': cannot convert from 'initializer list' to 'List<std::string>'
C:\Users\User\source\repos\Rasnoe\DataCont\main.cpp(689,31): message : No constructor could take the source type, or constructor overload resolution was ambiguous
C:\Users\User\source\repos\Rasnoe\DataCont\main.cpp(690,31): error C2440: 'initializing': cannot convert from 'initializer list' to 'List<std::string>'
C:\Users\User\source\repos\Rasnoe\DataCont\main.cpp(690,31): message : No constructor could take the source type, or constructor overload resolution was ambiguous
C:\Users\User\source\repos\Rasnoe\DataCont\main.cpp(691,40): error C2676: binary '+': 'List<std::string>' does not define this operator or a conversion to a type acceptable to the predefined operator
C:\Program Files\Microsoft Visual Studio\2022\Community\VC\Tools\MSVC\14.35.32215\include\xstring(5183,62): message : could be 'std::basic_string<_Elem,_Traits,_Alloc> std::operator +(std::basic_string<_Elem,_Traits,_Alloc> &&,const _Elem)'
C:\Users\User\source\repos\Rasnoe\DataCont\main.cpp(691,31): message : 'std::basic_string<_Elem,_Traits,_Alloc> std::operator +(std::basic_string<_Elem,_Traits,_Alloc> &&,const _Elem)': could not deduce template argument for 'std::basic_string<_Elem,_Traits,_Alloc> &&' from 'List<std::string>'
C:\Program Files\Microsoft Visual Studio\2022\Community\VC\Tools\MSVC\14.35.32215\include\xstring(5177,62): message : or       'std::basic_string<_Elem,_Traits,_Alloc> std::operator +(std::basic_string<_Elem,_Traits,_Alloc> &&,const _Elem *const )'
C:\Users\User\source\repos\Rasnoe\DataCont\main.cpp(691,31): message : 'std::basic_string<_Elem,_Traits,_Alloc> std::operator +(std::basic_string<_Elem,_Traits,_Alloc> &&,const _Elem *const )': could not deduce template argument for 'std::basic_string<_Elem,_Traits,_Alloc> &&' from 'List<std::string>'
C:\Program Files\Microsoft Visual Studio\2022\Community\VC\Tools\MSVC\14.35.32215\include\xstring(5171,62): message : or       'std::basic_string<_Elem,_Traits,_Alloc> std::operator +(const _Elem,std::basic_string<_Elem,_Traits,_Alloc> &&)'
C:\Users\User\source\repos\Rasnoe\DataCont\main.cpp(691,31): message : 'std::basic_string<_Elem,_Traits,_Alloc> std::operator +(const _Elem,std::basic_string<_Elem,_Traits,_Alloc> &&)': could not deduce template argument for 'std::basic_string<_Elem,_Traits,_Alloc> &&' from 'List<std::string>'
C:\Program Files\Microsoft Visual Studio\2022\Community\VC\Tools\MSVC\14.35.32215\include\xstring(5165,62): message : or       'std::basic_string<_Elem,_Traits,_Alloc> std::operator +(const _Elem *const ,std::basic_string<_Elem,_Traits,_Alloc> &&)'
C:\Users\User\source\repos\Rasnoe\DataCont\main.cpp(691,31): message : 'std::basic_string<_Elem,_Traits,_Alloc> std::operator +(const _Elem *const ,std::basic_string<_Elem,_Traits,_Alloc> &&)': could not deduce template argument for 'const _Elem *const ' from 'List<std::string>'
C:\Program Files\Microsoft Visual Studio\2022\Community\VC\Tools\MSVC\14.35.32215\include\xstring(5152,62): message : or       'std::basic_string<_Elem,_Traits,_Alloc> std::operator +(std::basic_string<_Elem,_Traits,_Alloc> &&,std::basic_string<_Elem,_Traits,_Alloc> &&)'
C:\Users\User\source\repos\Rasnoe\DataCont\main.cpp(691,31): message : 'std::basic_string<_Elem,_Traits,_Alloc> std::operator +(std::basic_string<_Elem,_Traits,_Alloc> &&,std::basic_string<_Elem,_Traits,_Alloc> &&)': could not deduce template argument for 'std::basic_string<_Elem,_Traits,_Alloc> &&' from 'List<std::string>'
C:\Program Files\Microsoft Visual Studio\2022\Community\VC\Tools\MSVC\14.35.32215\include\xstring(5146,62): message : or       'std::basic_string<_Elem,_Traits,_Alloc> std::operator +(std::basic_string<_Elem,_Traits,_Alloc> &&,const std::basic_string<_Elem,_Traits,_Alloc> &)'
C:\Users\User\source\repos\Rasnoe\DataCont\main.cpp(691,31): message : 'std::basic_string<_Elem,_Traits,_Alloc> std::operator +(std::basic_string<_Elem,_Traits,_Alloc> &&,const std::basic_string<_Elem,_Traits,_Alloc> &)': could not deduce template argument for 'std::basic_string<_Elem,_Traits,_Alloc> &&' from 'List<std::string>'
C:\Program Files\Microsoft Visual Studio\2022\Community\VC\Tools\MSVC\14.35.32215\include\xstring(5140,62): message : or       'std::basic_string<_Elem,_Traits,_Alloc> std::operator +(const std::basic_string<_Elem,_Traits,_Alloc> &,std::basic_string<_Elem,_Traits,_Alloc> &&)'
C:\Users\User\source\repos\Rasnoe\DataCont\main.cpp(691,31): message : 'std::basic_string<_Elem,_Traits,_Alloc> std::operator +(const std::basic_string<_Elem,_Traits,_Alloc> &,std::basic_string<_Elem,_Traits,_Alloc> &&)': could not deduce template argument for 'const std::basic_string<_Elem,_Traits,_Alloc> &' from 'List<std::string>'
C:\Program Files\Microsoft Visual Studio\2022\Community\VC\Tools\MSVC\14.35.32215\include\xstring(5129,62): message : or       'std::basic_string<_Elem,_Traits,_Alloc> std::operator +(const std::basic_string<_Elem,_Traits,_Alloc> &,const _Elem)'
C:\Users\User\source\repos\Rasnoe\DataCont\main.cpp(691,31): message : 'std::basic_string<_Elem,_Traits,_Alloc> std::operator +(const std::basic_string<_Elem,_Traits,_Alloc> &,const _Elem)': could not deduce template argument for 'const std::basic_string<_Elem,_Traits,_Alloc> &' from 'List<std::string>'
C:\Program Files\Microsoft Visual Studio\2022\Community\VC\Tools\MSVC\14.35.32215\include\xstring(5116,62): message : or       'std::basic_string<_Elem,_Traits,_Alloc> std::operator +(const std::basic_string<_Elem,_Traits,_Alloc> &,const _Elem *const )'
C:\Users\User\source\repos\Rasnoe\DataCont\main.cpp(691,31): message : 'std::basic_string<_Elem,_Traits,_Alloc> std::operator +(const std::basic_string<_Elem,_Traits,_Alloc> &,const _Elem *const )': could not deduce template argument for 'const std::basic_string<_Elem,_Traits,_Alloc> &' from 'List<std::string>'
C:\Program Files\Microsoft Visual Studio\2022\Community\VC\Tools\MSVC\14.35.32215\include\xstring(5105,62): message : or       'std::basic_string<_Elem,_Traits,_Alloc> std::operator +(const _Elem,const std::basic_string<_Elem,_Traits,_Alloc> &)'
C:\Users\User\source\repos\Rasnoe\DataCont\main.cpp(691,31): message : 'std::basic_string<_Elem,_Traits,_Alloc> std::operator +(const _Elem,const std::basic_string<_Elem,_Traits,_Alloc> &)': could not deduce template argument for 'const std::basic_string<_Elem,_Traits,_Alloc> &' from 'List<std::string>'
C:\Program Files\Microsoft Visual Studio\2022\Community\VC\Tools\MSVC\14.35.32215\include\xstring(5092,62): message : or       'std::basic_string<_Elem,_Traits,_Alloc> std::operator +(const _Elem *const ,const std::basic_string<_Elem,_Traits,_Alloc> &)'
C:\Users\User\source\repos\Rasnoe\DataCont\main.cpp(691,31): message : 'std::basic_string<_Elem,_Traits,_Alloc> std::operator +(const _Elem *const ,const std::basic_string<_Elem,_Traits,_Alloc> &)': could not deduce template argument for 'const _Elem *const ' from 'List<std::string>'
C:\Program Files\Microsoft Visual Studio\2022\Community\VC\Tools\MSVC\14.35.32215\include\xstring(5080,62): message : or       'std::basic_string<_Elem,_Traits,_Alloc> std::operator +(const std::basic_string<_Elem,_Traits,_Alloc> &,const std::basic_string<_Elem,_Traits,_Alloc> &)'
C:\Users\User\source\repos\Rasnoe\DataCont\main.cpp(691,31): message : 'std::basic_string<_Elem,_Traits,_Alloc> std::operator +(const std::basic_string<_Elem,_Traits,_Alloc> &,const std::basic_string<_Elem,_Traits,_Alloc> &)': could not deduce template argument for 'const std::basic_string<_Elem,_Traits,_Alloc> &' from 'List<std::string>'
C:\Program Files\Microsoft Visual Studio\2022\Community\VC\Tools\MSVC\14.35.32215\include\xutility(4052,5): message : or       'std::move_iterator<_Iter> std::operator +(move_iterator<_Iter>::difference_type,const std::move_iterator<_Iter> &) noexcept(<expr>)'
C:\Users\User\source\repos\Rasnoe\DataCont\main.cpp(691,31): message : 'std::move_iterator<_Iter> std::operator +(move_iterator<_Iter>::difference_type,const std::move_iterator<_Iter> &) noexcept(<expr>)': could not deduce template argument for 'const std::move_iterator<_Iter> &' from 'List<std::string>'
C:\Program Files\Microsoft Visual Studio\2022\Community\VC\Tools\MSVC\14.35.32215\include\xutility(1547,50): message : or       'std::reverse_iterator<_BidIt> std::operator +(reverse_iterator<_BidIt>::difference_type,const std::reverse_iterator<_BidIt> &) noexcept(<expr>)'
C:\Users\User\source\repos\Rasnoe\DataCont\main.cpp(691,31): message : 'std::reverse_iterator<_BidIt> std::operator +(reverse_iterator<_BidIt>::difference_type,const std::reverse_iterator<_BidIt> &) noexcept(<expr>)': could not deduce template argument for 'const std::reverse_iterator<_BidIt> &' from 'List<std::string>'
C:\Users\User\source\repos\Rasnoe\DataCont\main.cpp(692,32): error C3536: '<end>$L5': cannot be used before it is initialized
C:\Users\User\source\repos\Rasnoe\DataCont\main.cpp(692,23): error C2679: binary '!=': no operator found which takes a right-hand operand of type 'int' (or there is no acceptable conversion)
C:\Users\User\source\repos\Rasnoe\DataCont\main.cpp(50,8): message : could be 'bool List<std::string>::ConstBaseIterator::operator !=(const List<std::string>::ConstBaseIterator &) const'
C:\Program Files\Microsoft Visual Studio\2022\Community\VC\Tools\MSVC\14.35.32215\include\memory(3493,17): message : or       'bool std::operator !=(std::nullptr_t,const std::unique_ptr<_Ty,_Dx> &) noexcept'
C:\Users\User\source\repos\Rasnoe\DataCont\main.cpp(692,23): message : 'bool std::operator !=(std::nullptr_t,const std::unique_ptr<_Ty,_Dx> &) noexcept': could not deduce template argument for 'const std::unique_ptr<_Ty,_Dx> &' from 'int'
C:\Program Files\Microsoft Visual Studio\2022\Community\VC\Tools\MSVC\14.35.32215\include\memory(3488,17): message : or       'bool std::operator !=(const std::unique_ptr<_Ty,_Dx> &,std::nullptr_t) noexcept'
C:\Users\User\source\repos\Rasnoe\DataCont\main.cpp(692,23): message : 'bool std::operator !=(const std::unique_ptr<_Ty,_Dx> &,std::nullptr_t) noexcept': could not deduce template argument for 'const std::unique_ptr<_Ty,_Dx> &' from 'List<std::string>::Iterator'
C:\Program Files\Microsoft Visual Studio\2022\Community\VC\Tools\MSVC\14.35.32215\include\memory(3435,17): message : or       'bool std::operator !=(const std::unique_ptr<_Ty,_Dx> &,const std::unique_ptr<_Ty2,_Dx2> &)'
C:\Users\User\source\repos\Rasnoe\DataCont\main.cpp(692,23): message : 'bool std::operator !=(const std::unique_ptr<_Ty,_Dx> &,const std::unique_ptr<_Ty2,_Dx2> &)': could not deduce template argument for 'const std::unique_ptr<_Ty,_Dx> &' from 'List<std::string>::Iterator'
C:\Program Files\Microsoft Visual Studio\2022\Community\VC\Tools\MSVC\14.35.32215\include\memory(1829,17): message : or       'bool std::operator !=(std::nullptr_t,const std::shared_ptr<_Ty> &) noexcept'
C:\Users\User\source\repos\Rasnoe\DataCont\main.cpp(692,23): message : 'bool std::operator !=(std::nullptr_t,const std::shared_ptr<_Ty> &) noexcept': could not deduce template argument for 'const std::shared_ptr<_Ty> &' from 'int'
C:\Program Files\Microsoft Visual Studio\2022\Community\VC\Tools\MSVC\14.35.32215\include\memory(1824,17): message : or       'bool std::operator !=(const std::shared_ptr<_Ty> &,std::nullptr_t) noexcept'
C:\Users\User\source\repos\Rasnoe\DataCont\main.cpp(692,23): message : 'bool std::operator !=(const std::shared_ptr<_Ty> &,std::nullptr_t) noexcept': could not deduce template argument for 'const std::shared_ptr<_Ty> &' from 'List<std::string>::Iterator'
C:\Program Files\Microsoft Visual Studio\2022\Community\VC\Tools\MSVC\14.35.32215\include\memory(1782,17): message : or       'bool std::operator !=(const std::shared_ptr<_Ty> &,const std::shared_ptr<_Ty0> &) noexcept'
C:\Users\User\source\repos\Rasnoe\DataCont\main.cpp(692,23): message : 'bool std::operator !=(const std::shared_ptr<_Ty> &,const std::shared_ptr<_Ty0> &) noexcept': could not deduce template argument for 'const std::shared_ptr<_Ty> &' from 'List<std::string>::Iterator'
C:\Program Files\Microsoft Visual Studio\2022\Community\VC\Tools\MSVC\14.35.32215\include\xstring(5231,17): message : or       'bool std::operator !=(const std::basic_string<_Elem,_Traits,_Alloc> &,const _Elem *const )'
C:\Users\User\source\repos\Rasnoe\DataCont\main.cpp(692,23): message : 'bool std::operator !=(const std::basic_string<_Elem,_Traits,_Alloc> &,const _Elem *const )': could not deduce template argument for 'const std::basic_string<_Elem,_Traits,_Alloc> &' from 'List<std::string>::Iterator'
C:\Program Files\Microsoft Visual Studio\2022\Community\VC\Tools\MSVC\14.35.32215\include\xstring(5226,17): message : or       'bool std::operator !=(const _Elem *const ,const std::basic_string<_Elem,_Traits,_Alloc> &)'
C:\Users\User\source\repos\Rasnoe\DataCont\main.cpp(692,23): message : 'bool std::operator !=(const _Elem *const ,const std::basic_string<_Elem,_Traits,_Alloc> &)': could not deduce template argument for 'const _Elem *const ' from 'List<std::string>::Iterator'
C:\Program Files\Microsoft Visual Studio\2022\Community\VC\Tools\MSVC\14.35.32215\include\xstring(5220,17): message : or       'bool std::operator !=(const std::basic_string<_Elem,_Traits,_Alloc> &,const std::basic_string<_Elem,_Traits,_Alloc> &) noexcept'
C:\Users\User\source\repos\Rasnoe\DataCont\main.cpp(692,23): message : 'bool std::operator !=(const std::basic_string<_Elem,_Traits,_Alloc> &,const std::basic_string<_Elem,_Traits,_Alloc> &) noexcept': could not deduce template argument for 'const std::basic_string<_Elem,_Traits,_Alloc> &' from 'List<std::string>::Iterator'
C:\Program Files\Microsoft Visual Studio\2022\Community\VC\Tools\MSVC\14.35.32215\include\xmemory(900,17): message : or       'bool std::operator !=(const std::allocator<_Ty> &,const std::allocator<_Other> &) noexcept'
C:\Users\User\source\repos\Rasnoe\DataCont\main.cpp(692,23): message : 'bool std::operator !=(const std::allocator<_Ty> &,const std::allocator<_Other> &) noexcept': could not deduce template argument for 'const std::allocator<_Ty> &' from 'List<std::string>::Iterator'
C:\Program Files\Microsoft Visual Studio\2022\Community\VC\Tools\MSVC\14.35.32215\include\iterator(496,17): message : or       'bool std::operator !=(const std::istreambuf_iterator<_Elem,_Traits> &,const std::istreambuf_iterator<_Elem,_Traits> &)'
C:\Users\User\source\repos\Rasnoe\DataCont\main.cpp(692,23): message : 'bool std::operator !=(const std::istreambuf_iterator<_Elem,_Traits> &,const std::istreambuf_iterator<_Elem,_Traits> &)': could not deduce template argument for 'const std::istreambuf_iterator<_Elem,_Traits> &' from 'List<std::string>::Iterator'
C:\Program Files\Microsoft Visual Studio\2022\Community\VC\Tools\MSVC\14.35.32215\include\iterator(314,17): message : or       'bool std::operator !=(const std::istream_iterator<_Ty,_Elem,_Traits,_Diff> &,const std::istream_iterator<_Ty,_Elem,_Traits,_Diff> &) noexcept'
C:\Users\User\source\repos\Rasnoe\DataCont\main.cpp(692,23): message : 'bool std::operator !=(const std::istream_iterator<_Ty,_Elem,_Traits,_Diff> &,const std::istream_iterator<_Ty,_Elem,_Traits,_Diff> &) noexcept': could not deduce template argument for 'const std::istream_iterator<_Ty,_Elem,_Traits,_Diff> &' from 'List<std::string>::Iterator'
C:\Program Files\Microsoft Visual Studio\2022\Community\VC\Tools\MSVC\14.35.32215\include\xutility(3984,30): message : or       'bool std::operator !=(const std::move_iterator<_Iter> &,const std::move_iterator<_Iter2> &) noexcept(<expr>)'
C:\Users\User\source\repos\Rasnoe\DataCont\main.cpp(692,23): message : 'bool std::operator !=(const std::move_iterator<_Iter> &,const std::move_iterator<_Iter2> &) noexcept(<expr>)': could not deduce template argument for 'const std::move_iterator<_Iter> &' from 'List<std::string>::Iterator'
C:\Program Files\Microsoft Visual Studio\2022\Community\VC\Tools\MSVC\14.35.32215\include\xutility(1456,5): message : or       'bool std::operator !=(const std::reverse_iterator<_BidIt> &,const std::reverse_iterator<_BidIt2> &) noexcept(<expr>)'
C:\Users\User\source\repos\Rasnoe\DataCont\main.cpp(692,23): message : 'bool std::operator !=(const std::reverse_iterator<_BidIt> &,const std::reverse_iterator<_BidIt2> &) noexcept(<expr>)': could not deduce template argument for 'const std::reverse_iterator<_BidIt> &' from 'List<std::string>::Iterator'
C:\Program Files\Microsoft Visual Studio\2022\Community\VC\Tools\MSVC\14.35.32215\include\utility(383,27): message : or       'bool std::operator !=(const std::pair<_Ty1,_Ty2> &,const std::pair<_Ty1,_Ty2> &)'
C:\Users\User\source\repos\Rasnoe\DataCont\main.cpp(692,23): message : 'bool std::operator !=(const std::pair<_Ty1,_Ty2> &,const std::pair<_Ty1,_Ty2> &)': could not deduce template argument for 'const std::pair<_Ty1,_Ty2> &' from 'List<std::string>::Iterator'
C:\Users\User\source\repos\Rasnoe\DataCont\main.cpp(692,23): message : while trying to match the argument list '(List<std::string>::Iterator, int)'
